(0000) 3000  0011000000000000 (   1)                 .ORIG x3000
(3000) 2CC8  0010110011001000 (   2)                 LD    R6 ASCII
(3001) E097  1110000010010111 (   5)                 LEA   R0 DESCRIP
(3002) F022  1111000000100010 (   6)                 TRAP  x22
(3003) 20C4  0010000011000100 (   9)                 LD    R0 NEWLN
(3004) F021  1111000000100001 (  10)                 TRAP  x21
(3005) 20C2  0010000011000010 (  11)                 LD    R0 NEWLN
(3006) F021  1111000000100001 (  12)                 TRAP  x21
(3007) E045  1110000001000101 (  17)                 LEA   R0 ASKL
(3008) F022  1111000000100010 (  18)                 TRAP  x22
(3009) F020  1111000000100000 (  20)                 TRAP  x20
(300A) F021  1111000000100001 (  21)                 TRAP  x21
(300B) 1220  0001001000100000 (  22)                 ADD   R1 R0 #0
(300C) 1246  0001001001000110 (  23)                 ADD   R1 R1 R6
(300D) 5020  0101000000100000 (  24)                 AND   R0 R0 #0
(300E) F020  1111000000100000 (  26)                 TRAP  x20
(300F) F021  1111000000100001 (  27)                 TRAP  x21
(3010) 1420  0001010000100000 (  28)                 ADD   R2 R0 #0
(3011) 1486  0001010010000110 (  29)                 ADD   R2 R2 R6
(3012) 20B5  0010000010110101 (  34)                 LD    R0 NEWLN
(3013) F021  1111000000100001 (  35)                 TRAP  x21
(3014) E051  1110000001010001 (  39)                 LEA   R0 ASKW
(3015) F022  1111000000100010 (  40)                 TRAP  x22
(3016) F020  1111000000100000 (  41)                 TRAP  x20
(3017) F021  1111000000100001 (  42)                 TRAP  x21
(3018) 1420  0001010000100000 (  43)                 ADD   R2 R0 #0
(3019) 1486  0001010010000110 (  44)                 ADD   R2 R2 R6
(301A) 56E0  0101011011100000 (  48)                 AND   R3 R3 #0
(301B) 16C2  0001011011000010 (  50) AGAIN           ADD   R3 R3 R2
(301C) 127F  0001001001111111 (  51)                 ADD   R1 R1 #-1
(301D) 03FD  0000001111111101 (  52)                 BRP   AGAIN
(301E) 5260  0101001001100000 (  53)                 AND   R1 R1 #0
(301F) 20A8  0010000010101000 (  57)                 LD    R0 NEWLN
(3020) F021  1111000000100001 (  58)                 TRAP  x21
(3021) 5020  0101000000100000 (  61)                 AND   R0 R0 #0
(3022) 1003  0001000000000011 (  62)                 ADD   R0 R0 R3
(3023) 54A0  0101010010100000 (  63)                 AND   R2 R2 #0
(3024) 5260  0101001001100000 (  64)                 AND   R1 R1 #0
(3025) 56E0  0101011011100000 (  65)                 AND   R3 R3 #0
(3026) E2AA  1110001010101010 (  70) BinarytoASCII   LEA   R1 ASCIIBUFF
(3027) 1020  0001000000100000 (  71)                 ADD   R0 R0 #0
(3028) 0803  0000100000000011 (  72)                 BRN   NegSign
(3029) 24A2  0010010010100010 (  73)                 LD    R2 ASCIIplus
(302A) 7440  0111010001000000 (  74)                 STR   R2 R1 #0
(302B) 0E04  0000111000000100 (  75)                 BRNZP Begin100
(302C) 24A0  0010010010100000 (  76) NegSign         LD    R2 ASCIIminus
(302D) 7440  0111010001000000 (  77)                 STR   R2 R1 #0
(302E) 903F  1001000000111111 (  78)                 NOT   R0 R0
(302F) 1021  0001000000100001 (  79)                 ADD   R0 R0 #1
(3030) 249D  0010010010011101 (  81) Begin100        LD    R2 ASCIIoffset
(3031) 269D  0010011010011101 (  83)                 LD    R3 Neg100
(3032) 1003  0001000000000011 (  84) Loop100         ADD   R0 R0 R3
(3033) 0802  0000100000000010 (  85)                 BRN   End100
(3034) 14A1  0001010010100001 (  86)                 ADD   R2 R2 #1
(3035) 0FFC  0000111111111100 (  87)                 BRNZP Loop100
(3036) 7441  0111010001000001 (  89) End100          STR   R2 R1 #1
(3037) 2698  0010011010011000 (  90)                 LD    R3 Pos100
(3038) 1003  0001000000000011 (  91)                 ADD   R0 R0 R3
(3039) 2494  0010010010010100 (  93)                 LD    R2 ASCIIoffset
(303A) 2690  0010011010010000 (  95) Begin10         LD    R3 Neg10
(303B) 1003  0001000000000011 (  96) Loop10          ADD   R0 R0 R3
(303C) 0802  0000100000000010 (  97)                 BRN   End10
(303D) 14A1  0001010010100001 (  98)                 ADD   R2 R2 #1
(303E) 0FFC  0000111111111100 (  99)                 BRNZP Loop10
(303F) 7442  0111010001000010 ( 101) End10           STR   R2 R1 #2
(3040) 102A  0001000000101010 ( 102)                 ADD   R0 R0 #10
(3041) 248C  0010010010001100 ( 103) Begin1          LD    R2 ASCIIoffset
(3042) 1480  0001010010000000 ( 104)                 ADD   R2 R2 R0
(3043) 7443  0111010001000011 ( 105)                 STR   R2 R1 #3
(3044) 5B60  0101101101100000 ( 108)                 AND   R5 R5 #0
(3045) 1B40  0001101101000000 ( 109)                 ADD   R5 R5 R0
(3046) E037  1110000000110111 ( 110)                 LEA   R0 FINISH
(3047) F022  1111000000100010 ( 111)                 TRAP  x22
(3048) 5020  0101000000100000 ( 112)                 AND   R0 R0 #0
(3049) 1005  0001000000000101 ( 113)                 ADD   R0 R0 R5
(304A) E086  1110000010000110 ( 114)                 LEA   R0 ASCIIBUFF
(304B) F022  1111000000100010 ( 115)                 TRAP  x22
(304C) F025  1111000000100101 ( 119)                 TRAP  x25
(304D) 0050  0000000001010000 ( 121) ASKL            .FILL x0050
(304E) 006C  0000000001101100 ( 121)                 .FILL x006C
(304F) 0065  0000000001100101 ( 121)                 .FILL x0065
(3050) 0061  0000000001100001 ( 121)                 .FILL x0061
(3051) 0073  0000000001110011 ( 121)                 .FILL x0073
(3052) 0065  0000000001100101 ( 121)                 .FILL x0065
(3053) 0020  0000000000100000 ( 121)                 .FILL x0020
(3054) 0065  0000000001100101 ( 121)                 .FILL x0065
(3055) 006E  0000000001101110 ( 121)                 .FILL x006E
(3056) 0074  0000000001110100 ( 121)                 .FILL x0074
(3057) 0065  0000000001100101 ( 121)                 .FILL x0065
(3058) 0072  0000000001110010 ( 121)                 .FILL x0072
(3059) 0020  0000000000100000 ( 121)                 .FILL x0020
(305A) 0074  0000000001110100 ( 121)                 .FILL x0074
(305B) 0068  0000000001101000 ( 121)                 .FILL x0068
(305C) 0065  0000000001100101 ( 121)                 .FILL x0065
(305D) 0020  0000000000100000 ( 121)                 .FILL x0020
(305E) 006C  0000000001101100 ( 121)                 .FILL x006C
(305F) 0065  0000000001100101 ( 121)                 .FILL x0065
(3060) 006E  0000000001101110 ( 121)                 .FILL x006E
(3061) 0067  0000000001100111 ( 121)                 .FILL x0067
(3062) 0074  0000000001110100 ( 121)                 .FILL x0074
(3063) 0068  0000000001101000 ( 121)                 .FILL x0068
(3064) 003A  0000000000111010 ( 121)                 .FILL x003A
(3065) 0000  0000000000000000 ( 121)                 .FILL x0000
(3066) 0050  0000000001010000 ( 122) ASKW            .FILL x0050
(3067) 006C  0000000001101100 ( 122)                 .FILL x006C
(3068) 0065  0000000001100101 ( 122)                 .FILL x0065
(3069) 0061  0000000001100001 ( 122)                 .FILL x0061
(306A) 0073  0000000001110011 ( 122)                 .FILL x0073
(306B) 0065  0000000001100101 ( 122)                 .FILL x0065
(306C) 0020  0000000000100000 ( 122)                 .FILL x0020
(306D) 0065  0000000001100101 ( 122)                 .FILL x0065
(306E) 006E  0000000001101110 ( 122)                 .FILL x006E
(306F) 0074  0000000001110100 ( 122)                 .FILL x0074
(3070) 0065  0000000001100101 ( 122)                 .FILL x0065
(3071) 0072  0000000001110010 ( 122)                 .FILL x0072
(3072) 0020  0000000000100000 ( 122)                 .FILL x0020
(3073) 0074  0000000001110100 ( 122)                 .FILL x0074
(3074) 0068  0000000001101000 ( 122)                 .FILL x0068
(3075) 0065  0000000001100101 ( 122)                 .FILL x0065
(3076) 0020  0000000000100000 ( 122)                 .FILL x0020
(3077) 0077  0000000001110111 ( 122)                 .FILL x0077
(3078) 0069  0000000001101001 ( 122)                 .FILL x0069
(3079) 0064  0000000001100100 ( 122)                 .FILL x0064
(307A) 0074  0000000001110100 ( 122)                 .FILL x0074
(307B) 0068  0000000001101000 ( 122)                 .FILL x0068
(307C) 003A  0000000000111010 ( 122)                 .FILL x003A
(307D) 0000  0000000000000000 ( 122)                 .FILL x0000
(307E) 0054  0000000001010100 ( 123) FINISH          .FILL x0054
(307F) 0068  0000000001101000 ( 123)                 .FILL x0068
(3080) 0065  0000000001100101 ( 123)                 .FILL x0065
(3081) 0020  0000000000100000 ( 123)                 .FILL x0020
(3082) 0061  0000000001100001 ( 123)                 .FILL x0061
(3083) 0072  0000000001110010 ( 123)                 .FILL x0072
(3084) 0065  0000000001100101 ( 123)                 .FILL x0065
(3085) 0061  0000000001100001 ( 123)                 .FILL x0061
(3086) 0020  0000000000100000 ( 123)                 .FILL x0020
(3087) 006F  0000000001101111 ( 123)                 .FILL x006F
(3088) 0066  0000000001100110 ( 123)                 .FILL x0066
(3089) 0020  0000000000100000 ( 123)                 .FILL x0020
(308A) 0074  0000000001110100 ( 123)                 .FILL x0074
(308B) 0068  0000000001101000 ( 123)                 .FILL x0068
(308C) 0065  0000000001100101 ( 123)                 .FILL x0065
(308D) 0020  0000000000100000 ( 123)                 .FILL x0020
(308E) 006F  0000000001101111 ( 123)                 .FILL x006F
(308F) 0062  0000000001100010 ( 123)                 .FILL x0062
(3090) 006A  0000000001101010 ( 123)                 .FILL x006A
(3091) 0065  0000000001100101 ( 123)                 .FILL x0065
(3092) 0063  0000000001100011 ( 123)                 .FILL x0063
(3093) 0074  0000000001110100 ( 123)                 .FILL x0074
(3094) 0020  0000000000100000 ( 123)                 .FILL x0020
(3095) 0069  0000000001101001 ( 123)                 .FILL x0069
(3096) 0073  0000000001110011 ( 123)                 .FILL x0073
(3097) 003A  0000000000111010 ( 123)                 .FILL x003A
(3098) 0000  0000000000000000 ( 123)                 .FILL x0000
(3099) 0054  0000000001010100 ( 124) DESCRIP         .FILL x0054
(309A) 0068  0000000001101000 ( 124)                 .FILL x0068
(309B) 0069  0000000001101001 ( 124)                 .FILL x0069
(309C) 0073  0000000001110011 ( 124)                 .FILL x0073
(309D) 0020  0000000000100000 ( 124)                 .FILL x0020
(309E) 0070  0000000001110000 ( 124)                 .FILL x0070
(309F) 0072  0000000001110010 ( 124)                 .FILL x0072
(30A0) 006F  0000000001101111 ( 124)                 .FILL x006F
(30A1) 0067  0000000001100111 ( 124)                 .FILL x0067
(30A2) 0072  0000000001110010 ( 124)                 .FILL x0072
(30A3) 0061  0000000001100001 ( 124)                 .FILL x0061
(30A4) 006D  0000000001101101 ( 124)                 .FILL x006D
(30A5) 0020  0000000000100000 ( 124)                 .FILL x0020
(30A6) 0063  0000000001100011 ( 124)                 .FILL x0063
(30A7) 0061  0000000001100001 ( 124)                 .FILL x0061
(30A8) 006C  0000000001101100 ( 124)                 .FILL x006C
(30A9) 0063  0000000001100011 ( 124)                 .FILL x0063
(30AA) 0075  0000000001110101 ( 124)                 .FILL x0075
(30AB) 006C  0000000001101100 ( 124)                 .FILL x006C
(30AC) 0061  0000000001100001 ( 124)                 .FILL x0061
(30AD) 0074  0000000001110100 ( 124)                 .FILL x0074
(30AE) 0065  0000000001100101 ( 124)                 .FILL x0065
(30AF) 0073  0000000001110011 ( 124)                 .FILL x0073
(30B0) 0020  0000000000100000 ( 124)                 .FILL x0020
(30B1) 0074  0000000001110100 ( 124)                 .FILL x0074
(30B2) 0068  0000000001101000 ( 124)                 .FILL x0068
(30B3) 0065  0000000001100101 ( 124)                 .FILL x0065
(30B4) 0020  0000000000100000 ( 124)                 .FILL x0020
(30B5) 0061  0000000001100001 ( 124)                 .FILL x0061
(30B6) 0072  0000000001110010 ( 124)                 .FILL x0072
(30B7) 0065  0000000001100101 ( 124)                 .FILL x0065
(30B8) 0020  0000000000100000 ( 124)                 .FILL x0020
(30B9) 006F  0000000001101111 ( 124)                 .FILL x006F
(30BA) 0066  0000000001100110 ( 124)                 .FILL x0066
(30BB) 0020  0000000000100000 ( 124)                 .FILL x0020
(30BC) 0061  0000000001100001 ( 124)                 .FILL x0061
(30BD) 0020  0000000000100000 ( 124)                 .FILL x0020
(30BE) 0072  0000000001110010 ( 124)                 .FILL x0072
(30BF) 0065  0000000001100101 ( 124)                 .FILL x0065
(30C0) 0063  0000000001100011 ( 124)                 .FILL x0063
(30C1) 0074  0000000001110100 ( 124)                 .FILL x0074
(30C2) 0061  0000000001100001 ( 124)                 .FILL x0061
(30C3) 006E  0000000001101110 ( 124)                 .FILL x006E
(30C4) 0067  0000000001100111 ( 124)                 .FILL x0067
(30C5) 006C  0000000001101100 ( 124)                 .FILL x006C
(30C6) 0065  0000000001100101 ( 124)                 .FILL x0065
(30C7) 0000  0000000000000000 ( 124)                 .FILL x0000
(30C8) 000A  0000000000001010 ( 125) NEWLN           .FILL x000A
(30C9) FFD0  1111111111010000 ( 126) ASCII           .FILL xFFD0
(30CA) 0031  0000000000110001 ( 127) ASCII_1         .FILL x0031
(30CB) FFF6  1111111111110110 ( 129) Neg10           .FILL xFFF6
(30CC) 002B  0000000000101011 ( 130) ASCIIplus       .FILL x002B
(30CD) 002D  0000000000101101 ( 131) ASCIIminus      .FILL x002D
(30CE) 0030  0000000000110000 ( 132) ASCIIoffset     .FILL x0030
(30CF) FF9C  1111111110011100 ( 133) Neg100          .FILL xFF9C
(30D0) 0064  0000000001100100 ( 134) Pos100          .FILL x0064
(30D1) 0000  0000000000000000 ( 138) ASCIIBUFF       .FILL x0000
